<?xml version="1.0" encoding="UTF-8"?>
<coverage generated="1521002405039" clover="3.2.0">
  <project timestamp="1521002405040" name="All files">
    <metrics statements="184" coveredstatements="153" conditionals="35" coveredconditionals="22" methods="67" coveredmethods="58" elements="286" coveredelements="233" complexity="0" loc="184" ncloc="184" packages="4" files="13" classes="13">
      <package name="models">
        <metrics statements="51" coveredstatements="50" conditionals="9" coveredconditionals="6" methods="22" coveredmethods="22"/>
        <file name="answer.js" path="/Users/kshiprasshetty/quiz/backend/models/answer.js">
          <metrics statements="6" coveredstatements="6" conditionals="0" coveredconditionals="0" methods="4" coveredmethods="4"/>
          <line num="2" count="10" type="stmt"/>
          <line num="3" count="10" type="stmt"/>
          <line num="7" count="10" type="stmt"/>
          <line num="10" count="10" type="stmt"/>
          <line num="11" count="10" type="stmt"/>
          <line num="15" count="10" type="stmt"/>
        </file>
        <file name="index.js" path="/Users/kshiprasshetty/quiz/backend/models/index.js">
          <metrics statements="20" coveredstatements="19" conditionals="9" coveredconditionals="6" methods="3" coveredmethods="3"/>
          <line num="3" count="10" type="stmt"/>
          <line num="4" count="10" type="stmt"/>
          <line num="5" count="10" type="stmt"/>
          <line num="6" count="10" type="stmt"/>
          <line num="7" count="10" type="cond" truecount="1" falsecount="1"/>
          <line num="8" count="10" type="stmt"/>
          <line num="9" count="10" type="stmt"/>
          <line num="11" count="10" type="cond" truecount="1" falsecount="1"/>
          <line num="12" count="0" type="stmt"/>
          <line num="14" count="10" type="stmt"/>
          <line num="17" count="10" type="stmt"/>
          <line num="20" count="60" type="cond" truecount="3" falsecount="0"/>
          <line num="23" count="50" type="stmt"/>
          <line num="24" count="50" type="stmt"/>
          <line num="27" count="10" type="stmt"/>
          <line num="28" count="50" type="cond" truecount="1" falsecount="1"/>
          <line num="29" count="50" type="stmt"/>
          <line num="33" count="10" type="stmt"/>
          <line num="34" count="10" type="stmt"/>
          <line num="36" count="10" type="stmt"/>
        </file>
        <file name="question.js" path="/Users/kshiprasshetty/quiz/backend/models/question.js">
          <metrics statements="6" coveredstatements="6" conditionals="0" coveredconditionals="0" methods="4" coveredmethods="4"/>
          <line num="2" count="10" type="stmt"/>
          <line num="3" count="10" type="stmt"/>
          <line num="8" count="10" type="stmt"/>
          <line num="11" count="10" type="stmt"/>
          <line num="12" count="10" type="stmt"/>
          <line num="14" count="10" type="stmt"/>
        </file>
        <file name="score.js" path="/Users/kshiprasshetty/quiz/backend/models/score.js">
          <metrics statements="5" coveredstatements="5" conditionals="0" coveredconditionals="0" methods="3" coveredmethods="3"/>
          <line num="2" count="10" type="stmt"/>
          <line num="3" count="10" type="stmt"/>
          <line num="7" count="10" type="stmt"/>
          <line num="11" count="10" type="stmt"/>
          <line num="21" count="10" type="stmt"/>
        </file>
        <file name="user.js" path="/Users/kshiprasshetty/quiz/backend/models/user.js">
          <metrics statements="7" coveredstatements="7" conditionals="0" coveredconditionals="0" methods="3" coveredmethods="3"/>
          <line num="2" count="10" type="stmt"/>
          <line num="3" count="10" type="stmt"/>
          <line num="6" count="10" type="stmt"/>
          <line num="7" count="10" type="stmt"/>
          <line num="8" count="10" type="stmt"/>
          <line num="10" count="10" type="stmt"/>
          <line num="16" count="10" type="stmt"/>
        </file>
        <file name="useranswer.js" path="/Users/kshiprasshetty/quiz/backend/models/useranswer.js">
          <metrics statements="7" coveredstatements="7" conditionals="0" coveredconditionals="0" methods="5" coveredmethods="5"/>
          <line num="2" count="10" type="stmt"/>
          <line num="3" count="10" type="stmt"/>
          <line num="8" count="10" type="stmt"/>
          <line num="13" count="10" type="stmt"/>
          <line num="25" count="10" type="stmt"/>
          <line num="32" count="10" type="stmt"/>
          <line num="38" count="10" type="stmt"/>
        </file>
      </package>
      <package name="src">
        <metrics statements="11" coveredstatements="7" conditionals="4" coveredconditionals="1" methods="1" coveredmethods="0"/>
        <file name="server.js" path="/Users/kshiprasshetty/quiz/backend/src/server.js">
          <metrics statements="11" coveredstatements="7" conditionals="4" coveredconditionals="1" methods="1" coveredmethods="0"/>
          <line num="1" count="3" type="stmt"/>
          <line num="2" count="3" type="stmt"/>
          <line num="4" count="3" type="stmt"/>
          <line num="6" count="3" type="stmt"/>
          <line num="11" count="3" type="stmt"/>
          <line num="13" count="3" type="cond" truecount="1" falsecount="1"/>
          <line num="14" count="0" type="stmt"/>
          <line num="15" count="0" type="cond" truecount="0" falsecount="2"/>
          <line num="16" count="0" type="stmt"/>
          <line num="18" count="0" type="stmt"/>
          <line num="22" count="3" type="stmt"/>
        </file>
      </package>
      <package name="src.helper">
        <metrics statements="31" coveredstatements="13" conditionals="2" coveredconditionals="0" methods="7" coveredmethods="3"/>
        <file name="populateAnswers.js" path="/Users/kshiprasshetty/quiz/backend/src/helper/populateAnswers.js">
          <metrics statements="12" coveredstatements="9" conditionals="0" coveredconditionals="0" methods="4" coveredmethods="3"/>
          <line num="1" count="4" type="stmt"/>
          <line num="2" count="4" type="stmt"/>
          <line num="4" count="4" type="stmt"/>
          <line num="6" count="1" type="stmt"/>
          <line num="7" count="1" type="stmt"/>
          <line num="8" count="1" type="stmt"/>
          <line num="9" count="1" type="stmt"/>
          <line num="11" count="0" type="stmt"/>
          <line num="12" count="0" type="stmt"/>
          <line num="17" count="0" type="stmt"/>
          <line num="19" count="1" type="stmt"/>
          <line num="23" count="4" type="stmt"/>
        </file>
        <file name="populateQuestionDatabase.js" path="/Users/kshiprasshetty/quiz/backend/src/helper/populateQuestionDatabase.js">
          <metrics statements="19" coveredstatements="4" conditionals="2" coveredconditionals="0" methods="3" coveredmethods="0"/>
          <line num="1" count="3" type="stmt"/>
          <line num="2" count="3" type="stmt"/>
          <line num="4" count="3" type="stmt"/>
          <line num="5" count="0" type="stmt"/>
          <line num="6" count="0" type="stmt"/>
          <line num="8" count="0" type="stmt"/>
          <line num="10" count="0" type="stmt"/>
          <line num="11" count="0" type="stmt"/>
          <line num="12" count="0" type="stmt"/>
          <line num="13" count="0" type="stmt"/>
          <line num="14" count="0" type="stmt"/>
          <line num="15" count="0" type="cond" truecount="0" falsecount="2"/>
          <line num="16" count="0" type="stmt"/>
          <line num="19" count="0" type="stmt"/>
          <line num="20" count="0" type="stmt"/>
          <line num="21" count="0" type="stmt"/>
          <line num="23" count="0" type="stmt"/>
          <line num="25" count="0" type="stmt"/>
          <line num="28" count="3" type="stmt"/>
        </file>
      </package>
      <package name="src.routes">
        <metrics statements="91" coveredstatements="83" conditionals="20" coveredconditionals="15" methods="37" coveredmethods="33"/>
        <file name="calculate.js" path="/Users/kshiprasshetty/quiz/backend/src/routes/calculate.js">
          <metrics statements="48" coveredstatements="47" conditionals="12" coveredconditionals="10" methods="19" coveredmethods="19"/>
          <line num="1" count="3" type="stmt"/>
          <line num="4" count="3" type="stmt"/>
          <line num="6" count="3" type="stmt"/>
          <line num="7" count="3" type="cond" truecount="1" falsecount="1"/>
          <line num="8" count="3" type="stmt"/>
          <line num="10" count="3" type="stmt"/>
          <line num="14" count="3" type="stmt"/>
          <line num="17" count="3" type="stmt"/>
          <line num="19" count="3" type="stmt"/>
          <line num="20" count="3" type="stmt"/>
          <line num="21" count="15" type="stmt"/>
          <line num="22" count="15" type="stmt"/>
          <line num="24" count="15" type="stmt"/>
          <line num="25" count="15" type="stmt"/>
          <line num="26" count="15" type="stmt"/>
          <line num="28" count="3" type="stmt"/>
          <line num="32" count="3" type="stmt"/>
          <line num="33" count="3" type="stmt"/>
          <line num="34" count="3" type="stmt"/>
          <line num="36" count="3" type="stmt"/>
          <line num="37" count="3" type="stmt"/>
          <line num="40" count="3" type="stmt"/>
          <line num="41" count="15" type="stmt"/>
          <line num="42" count="75" type="cond" truecount="2" falsecount="0"/>
          <line num="43" count="15" type="cond" truecount="2" falsecount="0"/>
          <line num="44" count="12" type="stmt"/>
          <line num="49" count="3" type="stmt"/>
          <line num="51" count="3" type="cond" truecount="2" falsecount="0"/>
          <line num="52" count="2" type="stmt"/>
          <line num="54" count="1" type="stmt"/>
          <line num="62" count="3" type="stmt"/>
          <line num="69" count="3" type="stmt"/>
          <line num="70" count="3" type="stmt"/>
          <line num="71" count="3" type="stmt"/>
          <line num="73" count="3" type="stmt"/>
          <line num="74" count="4" type="stmt"/>
          <line num="75" count="8" type="cond" truecount="2" falsecount="0"/>
          <line num="76" count="4" type="stmt"/>
          <line num="84" count="3" type="stmt"/>
          <line num="85" count="3" type="stmt"/>
          <line num="89" count="3" type="stmt"/>
          <line num="93" count="3" type="stmt"/>
          <line num="95" count="3" type="cond" truecount="1" falsecount="1"/>
          <line num="96" count="3" type="stmt"/>
          <line num="97" count="3" type="stmt"/>
          <line num="98" count="3" type="stmt"/>
          <line num="99" count="3" type="stmt"/>
          <line num="102" count="0" type="stmt"/>
        </file>
        <file name="index.js" path="/Users/kshiprasshetty/quiz/backend/src/routes/index.js">
          <metrics statements="4" coveredstatements="4" conditionals="0" coveredconditionals="0" methods="0" coveredmethods="0"/>
          <line num="1" count="3" type="stmt"/>
          <line num="2" count="3" type="stmt"/>
          <line num="3" count="3" type="stmt"/>
          <line num="5" count="3" type="stmt"/>
        </file>
        <file name="login.js" path="/Users/kshiprasshetty/quiz/backend/src/routes/login.js">
          <metrics statements="27" coveredstatements="24" conditionals="6" coveredconditionals="4" methods="12" coveredmethods="11"/>
          <line num="2" count="3" type="stmt"/>
          <line num="3" count="3" type="stmt"/>
          <line num="5" count="3" type="stmt"/>
          <line num="6" count="3" type="stmt"/>
          <line num="10" count="3" type="stmt"/>
          <line num="11" count="2" type="stmt"/>
          <line num="14" count="3" type="stmt"/>
          <line num="16" count="2" type="cond" truecount="1" falsecount="1"/>
          <line num="17" count="0" type="stmt"/>
          <line num="18" count="2" type="stmt"/>
          <line num="21" count="3" type="stmt"/>
          <line num="22" count="2" type="stmt"/>
          <line num="24" count="2" type="cond" truecount="1" falsecount="1"/>
          <line num="25" count="0" type="stmt"/>
          <line num="27" count="2" type="stmt"/>
          <line num="31" count="3" type="stmt"/>
          <line num="40" count="3" type="stmt"/>
          <line num="51" count="2" type="stmt"/>
          <line num="55" count="2" type="stmt"/>
          <line num="56" count="2" type="stmt"/>
          <line num="57" count="2" type="stmt"/>
          <line num="59" count="2" type="stmt"/>
          <line num="61" count="2" type="stmt"/>
          <line num="62" count="2" type="cond" truecount="2" falsecount="0"/>
          <line num="63" count="1" type="stmt"/>
          <line num="65" count="2" type="stmt"/>
          <line num="71" count="0" type="stmt"/>
        </file>
        <file name="populateUserAnswer.js" path="/Users/kshiprasshetty/quiz/backend/src/routes/populateUserAnswer.js">
          <metrics statements="12" coveredstatements="8" conditionals="2" coveredconditionals="1" methods="6" coveredmethods="3"/>
          <line num="1" count="3" type="stmt"/>
          <line num="3" count="3" type="stmt"/>
          <line num="4" count="1" type="stmt"/>
          <line num="17" count="3" type="stmt"/>
          <line num="18" count="0" type="stmt"/>
          <line num="26" count="0" type="stmt"/>
          <line num="31" count="3" type="stmt"/>
          <line num="35" count="1" type="stmt"/>
          <line num="37" count="1" type="cond" truecount="1" falsecount="1"/>
          <line num="38" count="1" type="stmt"/>
          <line num="40" count="0" type="stmt"/>
          <line num="41" count="0" type="stmt"/>
        </file>
      </package>
    </metrics>
  </project>
</coverage>
