<?xml version="1.0" encoding="UTF-8"?>
<coverage generated="1520912049025" clover="3.2.0">
  <project timestamp="1520912049025" name="All files">
    <metrics statements="184" coveredstatements="153" conditionals="35" coveredconditionals="22" methods="62" coveredmethods="53" elements="281" coveredelements="228" complexity="0" loc="184" ncloc="184" packages="4" files="15" classes="15">
      <package name="models">
        <metrics statements="42" coveredstatements="41" conditionals="9" coveredconditionals="6" methods="13" coveredmethods="13"/>
        <file name="answer.js" path="/Users/kshiprasshetty/quiz/backend/models/answer.js">
          <metrics statements="4" coveredstatements="4" conditionals="0" coveredconditionals="0" methods="2" coveredmethods="2"/>
          <line num="2" count="7" type="stmt"/>
          <line num="3" count="7" type="stmt"/>
          <line num="7" count="7" type="stmt"/>
          <line num="10" count="7" type="stmt"/>
        </file>
        <file name="index.js" path="/Users/kshiprasshetty/quiz/backend/models/index.js">
          <metrics statements="20" coveredstatements="19" conditionals="9" coveredconditionals="6" methods="3" coveredmethods="3"/>
          <line num="3" count="7" type="stmt"/>
          <line num="4" count="7" type="stmt"/>
          <line num="5" count="7" type="stmt"/>
          <line num="6" count="7" type="stmt"/>
          <line num="7" count="7" type="cond" truecount="1" falsecount="1"/>
          <line num="8" count="7" type="stmt"/>
          <line num="9" count="7" type="stmt"/>
          <line num="11" count="7" type="cond" truecount="1" falsecount="1"/>
          <line num="12" count="0" type="stmt"/>
          <line num="14" count="7" type="stmt"/>
          <line num="17" count="7" type="stmt"/>
          <line num="20" count="42" type="cond" truecount="3" falsecount="0"/>
          <line num="23" count="35" type="stmt"/>
          <line num="24" count="35" type="stmt"/>
          <line num="27" count="7" type="stmt"/>
          <line num="28" count="35" type="cond" truecount="1" falsecount="1"/>
          <line num="29" count="35" type="stmt"/>
          <line num="33" count="7" type="stmt"/>
          <line num="34" count="7" type="stmt"/>
          <line num="36" count="7" type="stmt"/>
        </file>
        <file name="question.js" path="/Users/kshiprasshetty/quiz/backend/models/question.js">
          <metrics statements="4" coveredstatements="4" conditionals="0" coveredconditionals="0" methods="2" coveredmethods="2"/>
          <line num="2" count="7" type="stmt"/>
          <line num="3" count="7" type="stmt"/>
          <line num="8" count="7" type="stmt"/>
          <line num="11" count="7" type="stmt"/>
        </file>
        <file name="score.js" path="/Users/kshiprasshetty/quiz/backend/models/score.js">
          <metrics statements="4" coveredstatements="4" conditionals="0" coveredconditionals="0" methods="2" coveredmethods="2"/>
          <line num="2" count="7" type="stmt"/>
          <line num="3" count="7" type="stmt"/>
          <line num="7" count="7" type="stmt"/>
          <line num="10" count="7" type="stmt"/>
        </file>
        <file name="user.js" path="/Users/kshiprasshetty/quiz/backend/models/user.js">
          <metrics statements="6" coveredstatements="6" conditionals="0" coveredconditionals="0" methods="2" coveredmethods="2"/>
          <line num="2" count="7" type="stmt"/>
          <line num="3" count="7" type="stmt"/>
          <line num="6" count="7" type="stmt"/>
          <line num="7" count="7" type="stmt"/>
          <line num="8" count="7" type="stmt"/>
          <line num="10" count="7" type="stmt"/>
        </file>
        <file name="useranswer.js" path="/Users/kshiprasshetty/quiz/backend/models/useranswer.js">
          <metrics statements="4" coveredstatements="4" conditionals="0" coveredconditionals="0" methods="2" coveredmethods="2"/>
          <line num="2" count="7" type="stmt"/>
          <line num="3" count="7" type="stmt"/>
          <line num="8" count="7" type="stmt"/>
          <line num="12" count="7" type="stmt"/>
        </file>
      </package>
      <package name="src">
        <metrics statements="11" coveredstatements="7" conditionals="4" coveredconditionals="1" methods="1" coveredmethods="0"/>
        <file name="server.js" path="/Users/kshiprasshetty/quiz/backend/src/server.js">
          <metrics statements="11" coveredstatements="7" conditionals="4" coveredconditionals="1" methods="1" coveredmethods="0"/>
          <line num="1" count="3" type="stmt"/>
          <line num="2" count="3" type="stmt"/>
          <line num="4" count="3" type="stmt"/>
          <line num="6" count="3" type="stmt"/>
          <line num="11" count="3" type="stmt"/>
          <line num="13" count="3" type="cond" truecount="1" falsecount="1"/>
          <line num="14" count="0" type="stmt"/>
          <line num="15" count="0" type="cond" truecount="0" falsecount="2"/>
          <line num="16" count="0" type="stmt"/>
          <line num="18" count="0" type="stmt"/>
          <line num="22" count="3" type="stmt"/>
        </file>
      </package>
      <package name="src.helper">
        <metrics statements="39" coveredstatements="21" conditionals="2" coveredconditionals="0" methods="11" coveredmethods="7"/>
        <file name="fetchAnswerDatabase.js" path="/Users/kshiprasshetty/quiz/backend/src/helper/fetchAnswerDatabase.js">
          <metrics statements="4" coveredstatements="4" conditionals="0" coveredconditionals="0" methods="2" coveredmethods="2"/>
          <line num="1" count="3" type="stmt"/>
          <line num="3" count="3" type="stmt"/>
          <line num="4" count="2" type="stmt"/>
          <line num="6" count="3" type="stmt"/>
        </file>
        <file name="fetchQuestionDatabase.js" path="/Users/kshiprasshetty/quiz/backend/src/helper/fetchQuestionDatabase.js">
          <metrics statements="4" coveredstatements="4" conditionals="0" coveredconditionals="0" methods="2" coveredmethods="2"/>
          <line num="1" count="5" type="stmt"/>
          <line num="3" count="5" type="stmt"/>
          <line num="4" count="4" type="stmt"/>
          <line num="6" count="5" type="stmt"/>
        </file>
        <file name="populateAnswers.js" path="/Users/kshiprasshetty/quiz/backend/src/helper/populateAnswers.js">
          <metrics statements="12" coveredstatements="9" conditionals="0" coveredconditionals="0" methods="4" coveredmethods="3"/>
          <line num="1" count="4" type="stmt"/>
          <line num="2" count="4" type="stmt"/>
          <line num="4" count="4" type="stmt"/>
          <line num="6" count="1" type="stmt"/>
          <line num="7" count="1" type="stmt"/>
          <line num="8" count="1" type="stmt"/>
          <line num="9" count="1" type="stmt"/>
          <line num="11" count="0" type="stmt"/>
          <line num="12" count="0" type="stmt"/>
          <line num="17" count="0" type="stmt"/>
          <line num="19" count="1" type="stmt"/>
          <line num="23" count="4" type="stmt"/>
        </file>
        <file name="populateQuestionDatabase.js" path="/Users/kshiprasshetty/quiz/backend/src/helper/populateQuestionDatabase.js">
          <metrics statements="19" coveredstatements="4" conditionals="2" coveredconditionals="0" methods="3" coveredmethods="0"/>
          <line num="1" count="3" type="stmt"/>
          <line num="2" count="3" type="stmt"/>
          <line num="4" count="3" type="stmt"/>
          <line num="5" count="0" type="stmt"/>
          <line num="6" count="0" type="stmt"/>
          <line num="8" count="0" type="stmt"/>
          <line num="10" count="0" type="stmt"/>
          <line num="12" count="0" type="stmt"/>
          <line num="13" count="0" type="stmt"/>
          <line num="14" count="0" type="stmt"/>
          <line num="15" count="0" type="stmt"/>
          <line num="16" count="0" type="cond" truecount="0" falsecount="2"/>
          <line num="17" count="0" type="stmt"/>
          <line num="20" count="0" type="stmt"/>
          <line num="21" count="0" type="stmt"/>
          <line num="22" count="0" type="stmt"/>
          <line num="24" count="0" type="stmt"/>
          <line num="26" count="0" type="stmt"/>
          <line num="29" count="3" type="stmt"/>
        </file>
      </package>
      <package name="src.routes">
        <metrics statements="92" coveredstatements="84" conditionals="20" coveredconditionals="15" methods="37" coveredmethods="33"/>
        <file name="calculate.js" path="/Users/kshiprasshetty/quiz/backend/src/routes/calculate.js">
          <metrics statements="48" coveredstatements="47" conditionals="12" coveredconditionals="10" methods="19" coveredmethods="19"/>
          <line num="1" count="3" type="stmt"/>
          <line num="4" count="3" type="stmt"/>
          <line num="6" count="3" type="stmt"/>
          <line num="7" count="3" type="cond" truecount="1" falsecount="1"/>
          <line num="8" count="3" type="stmt"/>
          <line num="10" count="3" type="stmt"/>
          <line num="14" count="3" type="stmt"/>
          <line num="17" count="3" type="stmt"/>
          <line num="22" count="3" type="stmt"/>
          <line num="23" count="3" type="stmt"/>
          <line num="24" count="15" type="stmt"/>
          <line num="25" count="15" type="stmt"/>
          <line num="27" count="15" type="stmt"/>
          <line num="28" count="15" type="stmt"/>
          <line num="29" count="15" type="stmt"/>
          <line num="31" count="3" type="stmt"/>
          <line num="35" count="3" type="stmt"/>
          <line num="36" count="3" type="stmt"/>
          <line num="37" count="3" type="stmt"/>
          <line num="39" count="3" type="stmt"/>
          <line num="40" count="3" type="stmt"/>
          <line num="43" count="3" type="stmt"/>
          <line num="44" count="15" type="stmt"/>
          <line num="45" count="75" type="cond" truecount="2" falsecount="0"/>
          <line num="46" count="15" type="cond" truecount="2" falsecount="0"/>
          <line num="47" count="12" type="stmt"/>
          <line num="52" count="3" type="stmt"/>
          <line num="63" count="3" type="cond" truecount="2" falsecount="0"/>
          <line num="64" count="2" type="stmt"/>
          <line num="66" count="1" type="stmt"/>
          <line num="74" count="3" type="stmt"/>
          <line num="81" count="3" type="stmt"/>
          <line num="82" count="3" type="stmt"/>
          <line num="83" count="3" type="stmt"/>
          <line num="85" count="3" type="stmt"/>
          <line num="86" count="4" type="stmt"/>
          <line num="87" count="8" type="cond" truecount="2" falsecount="0"/>
          <line num="88" count="4" type="stmt"/>
          <line num="96" count="3" type="stmt"/>
          <line num="97" count="3" type="stmt"/>
          <line num="101" count="3" type="stmt"/>
          <line num="105" count="3" type="stmt"/>
          <line num="107" count="3" type="cond" truecount="1" falsecount="1"/>
          <line num="108" count="3" type="stmt"/>
          <line num="109" count="3" type="stmt"/>
          <line num="110" count="3" type="stmt"/>
          <line num="111" count="3" type="stmt"/>
          <line num="114" count="0" type="stmt"/>
        </file>
        <file name="index.js" path="/Users/kshiprasshetty/quiz/backend/src/routes/index.js">
          <metrics statements="4" coveredstatements="4" conditionals="0" coveredconditionals="0" methods="0" coveredmethods="0"/>
          <line num="1" count="3" type="stmt"/>
          <line num="2" count="3" type="stmt"/>
          <line num="3" count="3" type="stmt"/>
          <line num="5" count="3" type="stmt"/>
        </file>
        <file name="login.js" path="/Users/kshiprasshetty/quiz/backend/src/routes/login.js">
          <metrics statements="29" coveredstatements="26" conditionals="6" coveredconditionals="4" methods="12" coveredmethods="11"/>
          <line num="2" count="3" type="stmt"/>
          <line num="3" count="3" type="stmt"/>
          <line num="5" count="3" type="stmt"/>
          <line num="6" count="3" type="stmt"/>
          <line num="7" count="3" type="stmt"/>
          <line num="8" count="3" type="stmt"/>
          <line num="10" count="3" type="stmt"/>
          <line num="11" count="2" type="stmt"/>
          <line num="30" count="3" type="stmt"/>
          <line num="32" count="2" type="cond" truecount="1" falsecount="1"/>
          <line num="33" count="0" type="stmt"/>
          <line num="34" count="2" type="stmt"/>
          <line num="85" count="3" type="stmt"/>
          <line num="86" count="2" type="stmt"/>
          <line num="88" count="2" type="cond" truecount="1" falsecount="1"/>
          <line num="89" count="0" type="stmt"/>
          <line num="91" count="2" type="stmt"/>
          <line num="95" count="3" type="stmt"/>
          <line num="104" count="3" type="stmt"/>
          <line num="115" count="2" type="stmt"/>
          <line num="119" count="2" type="stmt"/>
          <line num="120" count="2" type="stmt"/>
          <line num="121" count="2" type="stmt"/>
          <line num="123" count="2" type="stmt"/>
          <line num="125" count="2" type="stmt"/>
          <line num="126" count="2" type="cond" truecount="2" falsecount="0"/>
          <line num="127" count="1" type="stmt"/>
          <line num="129" count="2" type="stmt"/>
          <line num="135" count="0" type="stmt"/>
        </file>
        <file name="populateUserAnswer.js" path="/Users/kshiprasshetty/quiz/backend/src/routes/populateUserAnswer.js">
          <metrics statements="11" coveredstatements="7" conditionals="2" coveredconditionals="1" methods="6" coveredmethods="3"/>
          <line num="1" count="3" type="stmt"/>
          <line num="3" count="3" type="stmt"/>
          <line num="16" count="3" type="stmt"/>
          <line num="17" count="0" type="stmt"/>
          <line num="24" count="0" type="stmt"/>
          <line num="29" count="3" type="stmt"/>
          <line num="33" count="1" type="stmt"/>
          <line num="35" count="1" type="cond" truecount="1" falsecount="1"/>
          <line num="36" count="1" type="stmt"/>
          <line num="38" count="0" type="stmt"/>
          <line num="39" count="0" type="stmt"/>
        </file>
      </package>
    </metrics>
  </project>
</coverage>
