{"/Users/kshiprasshetty/quiz/backend/models/answer.js": {"path":"/Users/kshiprasshetty/quiz/backend/models/answer.js","statementMap":{"0":{"start":{"line":2,"column":0},"end":{"line":11,"column":2}},"1":{"start":{"line":3,"column":17},"end":{"line":6,"column":8}},"2":{"start":{"line":7,"column":2},"end":{"line":9,"column":4}},"3":{"start":{"line":10,"column":2},"end":{"line":10,"column":16}}},"fnMap":{"0":{"name":"(anonymous_0)","decl":{"start":{"line":2,"column":17},"end":{"line":2,"column":18}},"loc":{"start":{"line":2,"column":43},"end":{"line":11,"column":1}},"line":2},"1":{"name":"(anonymous_1)","decl":{"start":{"line":7,"column":21},"end":{"line":7,"column":22}},"loc":{"start":{"line":7,"column":39},"end":{"line":9,"column":3}},"line":7}},"branchMap":{},"s":{"0":7,"1":7,"2":7,"3":7},"f":{"0":7,"1":7},"b":{},"_coverageSchema":"332fd63041d2c1bcb487cc26dd0d5f7d97098a6c","hash":"d15911617858ba775af1a19f78fdc99033a4805a"}
,"/Users/kshiprasshetty/quiz/backend/models/index.js": {"path":"/Users/kshiprasshetty/quiz/backend/models/index.js","statementMap":{"0":{"start":{"line":3,"column":16},"end":{"line":3,"column":29}},"1":{"start":{"line":4,"column":16},"end":{"line":4,"column":31}},"2":{"start":{"line":5,"column":16},"end":{"line":5,"column":36}},"3":{"start":{"line":6,"column":16},"end":{"line":6,"column":41}},"4":{"start":{"line":7,"column":16},"end":{"line":7,"column":53}},"5":{"start":{"line":8,"column":16},"end":{"line":8,"column":66}},"6":{"start":{"line":9,"column":16},"end":{"line":9,"column":18}},"7":{"start":{"line":11,"column":0},"end":{"line":15,"column":1}},"8":{"start":{"line":12,"column":18},"end":{"line":12,"column":77}},"9":{"start":{"line":14,"column":18},"end":{"line":14,"column":90}},"10":{"start":{"line":17,"column":0},"end":{"line":25,"column":5}},"11":{"start":{"line":20,"column":4},"end":{"line":20,"column":90}},"12":{"start":{"line":23,"column":16},"end":{"line":23,"column":63}},"13":{"start":{"line":24,"column":4},"end":{"line":24,"column":27}},"14":{"start":{"line":27,"column":0},"end":{"line":31,"column":3}},"15":{"start":{"line":28,"column":2},"end":{"line":30,"column":3}},"16":{"start":{"line":29,"column":4},"end":{"line":29,"column":32}},"17":{"start":{"line":33,"column":0},"end":{"line":33,"column":25}},"18":{"start":{"line":34,"column":0},"end":{"line":34,"column":25}},"19":{"start":{"line":36,"column":0},"end":{"line":36,"column":20}}},"fnMap":{"0":{"name":"(anonymous_0)","decl":{"start":{"line":19,"column":10},"end":{"line":19,"column":11}},"loc":{"start":{"line":19,"column":18},"end":{"line":21,"column":3}},"line":19},"1":{"name":"(anonymous_1)","decl":{"start":{"line":22,"column":11},"end":{"line":22,"column":12}},"loc":{"start":{"line":22,"column":19},"end":{"line":25,"column":3}},"line":22},"2":{"name":"(anonymous_2)","decl":{"start":{"line":27,"column":24},"end":{"line":27,"column":25}},"loc":{"start":{"line":27,"column":37},"end":{"line":31,"column":1}},"line":27}},"branchMap":{"0":{"loc":{"start":{"line":7,"column":16},"end":{"line":7,"column":53}},"type":"binary-expr","locations":[{"start":{"line":7,"column":16},"end":{"line":7,"column":36}},{"start":{"line":7,"column":40},"end":{"line":7,"column":53}}],"line":7},"1":{"loc":{"start":{"line":11,"column":0},"end":{"line":15,"column":1}},"type":"if","locations":[{"start":{"line":11,"column":0},"end":{"line":15,"column":1}},{"start":{"line":11,"column":0},"end":{"line":15,"column":1}}],"line":11},"2":{"loc":{"start":{"line":20,"column":11},"end":{"line":20,"column":89}},"type":"binary-expr","locations":[{"start":{"line":20,"column":12},"end":{"line":20,"column":35}},{"start":{"line":20,"column":41},"end":{"line":20,"column":58}},{"start":{"line":20,"column":64},"end":{"line":20,"column":88}}],"line":20},"3":{"loc":{"start":{"line":28,"column":2},"end":{"line":30,"column":3}},"type":"if","locations":[{"start":{"line":28,"column":2},"end":{"line":30,"column":3}},{"start":{"line":28,"column":2},"end":{"line":30,"column":3}}],"line":28}},"s":{"0":7,"1":7,"2":7,"3":7,"4":7,"5":7,"6":7,"7":7,"8":0,"9":7,"10":7,"11":42,"12":35,"13":35,"14":7,"15":35,"16":35,"17":7,"18":7,"19":7},"f":{"0":42,"1":35,"2":35},"b":{"0":[7,0],"1":[0,7],"2":[42,42,35],"3":[35,0]},"_coverageSchema":"332fd63041d2c1bcb487cc26dd0d5f7d97098a6c","hash":"7080acf2212874f95df2b414e741b2e600f9a75b"}
,"/Users/kshiprasshetty/quiz/backend/models/question.js": {"path":"/Users/kshiprasshetty/quiz/backend/models/question.js","statementMap":{"0":{"start":{"line":2,"column":0},"end":{"line":12,"column":2}},"1":{"start":{"line":3,"column":19},"end":{"line":7,"column":8}},"2":{"start":{"line":8,"column":2},"end":{"line":10,"column":4}},"3":{"start":{"line":11,"column":2},"end":{"line":11,"column":18}}},"fnMap":{"0":{"name":"(anonymous_0)","decl":{"start":{"line":2,"column":17},"end":{"line":2,"column":18}},"loc":{"start":{"line":2,"column":43},"end":{"line":12,"column":1}},"line":2},"1":{"name":"(anonymous_1)","decl":{"start":{"line":8,"column":23},"end":{"line":8,"column":24}},"loc":{"start":{"line":8,"column":41},"end":{"line":10,"column":3}},"line":8}},"branchMap":{},"s":{"0":7,"1":7,"2":7,"3":7},"f":{"0":7,"1":7},"b":{},"_coverageSchema":"332fd63041d2c1bcb487cc26dd0d5f7d97098a6c","hash":"f6b2cc385fe74cd0cc668b8216b73ae2522133c6"}
,"/Users/kshiprasshetty/quiz/backend/models/score.js": {"path":"/Users/kshiprasshetty/quiz/backend/models/score.js","statementMap":{"0":{"start":{"line":2,"column":0},"end":{"line":11,"column":2}},"1":{"start":{"line":3,"column":16},"end":{"line":6,"column":8}},"2":{"start":{"line":7,"column":2},"end":{"line":9,"column":4}},"3":{"start":{"line":10,"column":2},"end":{"line":10,"column":15}}},"fnMap":{"0":{"name":"(anonymous_0)","decl":{"start":{"line":2,"column":17},"end":{"line":2,"column":18}},"loc":{"start":{"line":2,"column":43},"end":{"line":11,"column":1}},"line":2},"1":{"name":"(anonymous_1)","decl":{"start":{"line":7,"column":20},"end":{"line":7,"column":21}},"loc":{"start":{"line":7,"column":38},"end":{"line":9,"column":3}},"line":7}},"branchMap":{},"s":{"0":7,"1":7,"2":7,"3":7},"f":{"0":7,"1":7},"b":{},"_coverageSchema":"332fd63041d2c1bcb487cc26dd0d5f7d97098a6c","hash":"c70c5342c3fe1cf66bd7da2240a868ba38090131"}
,"/Users/kshiprasshetty/quiz/backend/models/user.js": {"path":"/Users/kshiprasshetty/quiz/backend/models/user.js","statementMap":{"0":{"start":{"line":2,"column":0},"end":{"line":11,"column":2}},"1":{"start":{"line":3,"column":15},"end":{"line":5,"column":8}},"2":{"start":{"line":6,"column":2},"end":{"line":9,"column":4}},"3":{"start":{"line":7,"column":4},"end":{"line":7,"column":43}},"4":{"start":{"line":8,"column":4},"end":{"line":8,"column":37}},"5":{"start":{"line":10,"column":2},"end":{"line":10,"column":14}}},"fnMap":{"0":{"name":"(anonymous_0)","decl":{"start":{"line":2,"column":17},"end":{"line":2,"column":18}},"loc":{"start":{"line":2,"column":43},"end":{"line":11,"column":1}},"line":2},"1":{"name":"(anonymous_1)","decl":{"start":{"line":6,"column":19},"end":{"line":6,"column":20}},"loc":{"start":{"line":6,"column":37},"end":{"line":9,"column":3}},"line":6}},"branchMap":{},"s":{"0":7,"1":7,"2":7,"3":7,"4":7,"5":7},"f":{"0":7,"1":7},"b":{},"_coverageSchema":"332fd63041d2c1bcb487cc26dd0d5f7d97098a6c","hash":"dce7da4b9f9b721f56260f3006796bf20b96ea29"}
,"/Users/kshiprasshetty/quiz/backend/models/useranswer.js": {"path":"/Users/kshiprasshetty/quiz/backend/models/useranswer.js","statementMap":{"0":{"start":{"line":2,"column":0},"end":{"line":13,"column":2}},"1":{"start":{"line":3,"column":21},"end":{"line":7,"column":8}},"2":{"start":{"line":8,"column":2},"end":{"line":11,"column":4}},"3":{"start":{"line":12,"column":2},"end":{"line":12,"column":20}}},"fnMap":{"0":{"name":"(anonymous_0)","decl":{"start":{"line":2,"column":17},"end":{"line":2,"column":18}},"loc":{"start":{"line":2,"column":43},"end":{"line":13,"column":1}},"line":2},"1":{"name":"(anonymous_1)","decl":{"start":{"line":8,"column":25},"end":{"line":8,"column":26}},"loc":{"start":{"line":8,"column":43},"end":{"line":11,"column":3}},"line":8}},"branchMap":{},"s":{"0":7,"1":7,"2":7,"3":7},"f":{"0":7,"1":7},"b":{},"_coverageSchema":"332fd63041d2c1bcb487cc26dd0d5f7d97098a6c","hash":"75a88a1080ff10e223f736da5915b3623ac0205f"}
,"/Users/kshiprasshetty/quiz/backend/src/server.js": {"path":"/Users/kshiprasshetty/quiz/backend/src/server.js","statementMap":{"0":{"start":{"line":1,"column":13},"end":{"line":1,"column":28}},"1":{"start":{"line":2,"column":15},"end":{"line":2,"column":34}},"2":{"start":{"line":4,"column":15},"end":{"line":4,"column":32}},"3":{"start":{"line":6,"column":0},"end":{"line":9,"column":3}},"4":{"start":{"line":11,"column":0},"end":{"line":11,"column":21}},"5":{"start":{"line":13,"column":0},"end":{"line":20,"column":1}},"6":{"start":{"line":14,"column":2},"end":{"line":19,"column":5}},"7":{"start":{"line":15,"column":4},"end":{"line":17,"column":5}},"8":{"start":{"line":16,"column":6},"end":{"line":16,"column":25}},"9":{"start":{"line":18,"column":4},"end":{"line":18,"column":37}},"10":{"start":{"line":22,"column":0},"end":{"line":22,"column":24}}},"fnMap":{"0":{"name":"(anonymous_0)","decl":{"start":{"line":14,"column":15},"end":{"line":14,"column":16}},"loc":{"start":{"line":14,"column":26},"end":{"line":19,"column":3}},"line":14}},"branchMap":{"0":{"loc":{"start":{"line":13,"column":0},"end":{"line":20,"column":1}},"type":"if","locations":[{"start":{"line":13,"column":0},"end":{"line":20,"column":1}},{"start":{"line":13,"column":0},"end":{"line":20,"column":1}}],"line":13},"1":{"loc":{"start":{"line":15,"column":4},"end":{"line":17,"column":5}},"type":"if","locations":[{"start":{"line":15,"column":4},"end":{"line":17,"column":5}},{"start":{"line":15,"column":4},"end":{"line":17,"column":5}}],"line":15}},"s":{"0":3,"1":3,"2":3,"3":3,"4":3,"5":3,"6":0,"7":0,"8":0,"9":0,"10":3},"f":{"0":0},"b":{"0":[0,3],"1":[0,0]},"_coverageSchema":"332fd63041d2c1bcb487cc26dd0d5f7d97098a6c","hash":"5a1624cfc3973e1e3256a9ad9857f192eab2999e"}
,"/Users/kshiprasshetty/quiz/backend/src/helper/fetchAnswerDatabase.js": {"path":"/Users/kshiprasshetty/quiz/backend/src/helper/fetchAnswerDatabase.js","statementMap":{"0":{"start":{"line":1,"column":15},"end":{"line":1,"column":38}},"1":{"start":{"line":3,"column":28},"end":{"line":4,"column":27}},"2":{"start":{"line":3,"column":34},"end":{"line":4,"column":27}},"3":{"start":{"line":4,"column":19},"end":{"line":4,"column":26}},"4":{"start":{"line":6,"column":0},"end":{"line":6,"column":37}}},"fnMap":{"0":{"name":"(anonymous_0)","decl":{"start":{"line":3,"column":28},"end":{"line":3,"column":29}},"loc":{"start":{"line":3,"column":34},"end":{"line":4,"column":27}},"line":3},"1":{"name":"(anonymous_1)","decl":{"start":{"line":4,"column":8},"end":{"line":4,"column":9}},"loc":{"start":{"line":4,"column":19},"end":{"line":4,"column":26}},"line":4}},"branchMap":{},"s":{"0":3,"1":3,"2":2,"3":2,"4":3},"f":{"0":2,"1":2},"b":{},"_coverageSchema":"332fd63041d2c1bcb487cc26dd0d5f7d97098a6c","hash":"de43ab41a88b05f29dd3abab00a37b4adbbe76f3"}
,"/Users/kshiprasshetty/quiz/backend/src/helper/fetchQuestionDatabase.js": {"path":"/Users/kshiprasshetty/quiz/backend/src/helper/fetchQuestionDatabase.js","statementMap":{"0":{"start":{"line":1,"column":15},"end":{"line":1,"column":38}},"1":{"start":{"line":3,"column":30},"end":{"line":4,"column":31}},"2":{"start":{"line":3,"column":36},"end":{"line":4,"column":31}},"3":{"start":{"line":4,"column":21},"end":{"line":4,"column":30}},"4":{"start":{"line":6,"column":0},"end":{"line":6,"column":39}}},"fnMap":{"0":{"name":"(anonymous_0)","decl":{"start":{"line":3,"column":30},"end":{"line":3,"column":31}},"loc":{"start":{"line":3,"column":36},"end":{"line":4,"column":31}},"line":3},"1":{"name":"(anonymous_1)","decl":{"start":{"line":4,"column":8},"end":{"line":4,"column":9}},"loc":{"start":{"line":4,"column":21},"end":{"line":4,"column":30}},"line":4}},"branchMap":{},"s":{"0":5,"1":5,"2":4,"3":4,"4":5},"f":{"0":4,"1":4},"b":{},"_coverageSchema":"332fd63041d2c1bcb487cc26dd0d5f7d97098a6c","hash":"ca56afca08c581010f8218c2475b2dcc1547a548"}
,"/Users/kshiprasshetty/quiz/backend/src/helper/populateAnswers.js": {"path":"/Users/kshiprasshetty/quiz/backend/src/helper/populateAnswers.js","statementMap":{"0":{"start":{"line":1,"column":11},"end":{"line":1,"column":37}},"1":{"start":{"line":2,"column":15},"end":{"line":2,"column":38}},"2":{"start":{"line":4,"column":24},"end":{"line":21,"column":1}},"3":{"start":{"line":6,"column":21},"end":{"line":6,"column":23}},"4":{"start":{"line":7,"column":2},"end":{"line":20,"column":8}},"5":{"start":{"line":8,"column":26},"end":{"line":20,"column":6}},"6":{"start":{"line":9,"column":6},"end":{"line":18,"column":11}},"7":{"start":{"line":11,"column":28},"end":{"line":11,"column":47}},"8":{"start":{"line":12,"column":10},"end":{"line":16,"column":13}},"9":{"start":{"line":17,"column":10},"end":{"line":17,"column":36}},"10":{"start":{"line":19,"column":6},"end":{"line":19,"column":37}},"11":{"start":{"line":23,"column":0},"end":{"line":23,"column":33}}},"fnMap":{"0":{"name":"(anonymous_0)","decl":{"start":{"line":4,"column":24},"end":{"line":4,"column":25}},"loc":{"start":{"line":4,"column":30},"end":{"line":21,"column":1}},"line":4},"1":{"name":"(anonymous_1)","decl":{"start":{"line":8,"column":10},"end":{"line":8,"column":11}},"loc":{"start":{"line":8,"column":26},"end":{"line":20,"column":6}},"line":8},"2":{"name":"(anonymous_2)","decl":{"start":{"line":8,"column":43},"end":{"line":8,"column":44}},"loc":{"start":{"line":8,"column":61},"end":{"line":20,"column":5}},"line":8},"3":{"name":"(anonymous_3)","decl":{"start":{"line":10,"column":14},"end":{"line":10,"column":15}},"loc":{"start":{"line":10,"column":27},"end":{"line":18,"column":9}},"line":10}},"branchMap":{},"s":{"0":4,"1":4,"2":4,"3":1,"4":1,"5":1,"6":1,"7":0,"8":0,"9":0,"10":1,"11":4},"f":{"0":1,"1":1,"2":1,"3":0},"b":{},"_coverageSchema":"332fd63041d2c1bcb487cc26dd0d5f7d97098a6c","hash":"fca231a7d2d1309e6cfb1d2c64dc956bd2fc376d"}
,"/Users/kshiprasshetty/quiz/backend/src/helper/populateQuestionDatabase.js": {"path":"/Users/kshiprasshetty/quiz/backend/src/helper/populateQuestionDatabase.js","statementMap":{"0":{"start":{"line":1,"column":11},"end":{"line":1,"column":37}},"1":{"start":{"line":2,"column":15},"end":{"line":2,"column":38}},"2":{"start":{"line":4,"column":33},"end":{"line":27,"column":1}},"3":{"start":{"line":5,"column":23},"end":{"line":5,"column":25}},"4":{"start":{"line":6,"column":14},"end":{"line":6,"column":87}},"5":{"start":{"line":8,"column":4},"end":{"line":25,"column":8}},"6":{"start":{"line":10,"column":34},"end":{"line":10,"column":61}},"7":{"start":{"line":12,"column":8},"end":{"line":23,"column":11}},"8":{"start":{"line":13,"column":27},"end":{"line":13,"column":29}},"9":{"start":{"line":14,"column":10},"end":{"line":14,"column":31}},"10":{"start":{"line":15,"column":10},"end":{"line":19,"column":11}},"11":{"start":{"line":16,"column":12},"end":{"line":18,"column":13}},"12":{"start":{"line":17,"column":14},"end":{"line":17,"column":55}},"13":{"start":{"line":20,"column":10},"end":{"line":20,"column":56}},"14":{"start":{"line":21,"column":10},"end":{"line":21,"column":52}},"15":{"start":{"line":22,"column":10},"end":{"line":22,"column":38}},"16":{"start":{"line":24,"column":8},"end":{"line":24,"column":56}},"17":{"start":{"line":26,"column":2},"end":{"line":26,"column":18}},"18":{"start":{"line":29,"column":0},"end":{"line":29,"column":42}}},"fnMap":{"0":{"name":"(anonymous_0)","decl":{"start":{"line":4,"column":33},"end":{"line":4,"column":34}},"loc":{"start":{"line":4,"column":39},"end":{"line":27,"column":1}},"line":4},"1":{"name":"(anonymous_1)","decl":{"start":{"line":9,"column":12},"end":{"line":9,"column":13}},"loc":{"start":{"line":9,"column":33},"end":{"line":25,"column":7}},"line":9},"2":{"name":"(anonymous_2)","decl":{"start":{"line":12,"column":47},"end":{"line":12,"column":48}},"loc":{"start":{"line":12,"column":65},"end":{"line":23,"column":9}},"line":12}},"branchMap":{"0":{"loc":{"start":{"line":16,"column":12},"end":{"line":18,"column":13}},"type":"if","locations":[{"start":{"line":16,"column":12},"end":{"line":18,"column":13}},{"start":{"line":16,"column":12},"end":{"line":18,"column":13}}],"line":16}},"s":{"0":3,"1":3,"2":3,"3":0,"4":0,"5":0,"6":0,"7":0,"8":0,"9":0,"10":0,"11":0,"12":0,"13":0,"14":0,"15":0,"16":0,"17":0,"18":3},"f":{"0":0,"1":0,"2":0},"b":{"0":[0,0]},"_coverageSchema":"332fd63041d2c1bcb487cc26dd0d5f7d97098a6c","hash":"8ad566c565714dc4411881d49dc8d9ca1ccac826"}
,"/Users/kshiprasshetty/quiz/backend/src/routes/calculate.js": {"path":"/Users/kshiprasshetty/quiz/backend/src/routes/calculate.js","statementMap":{"0":{"start":{"line":1,"column":15},"end":{"line":1,"column":38}},"1":{"start":{"line":4,"column":27},"end":{"line":11,"column":4}},"2":{"start":{"line":4,"column":52},"end":{"line":11,"column":4}},"3":{"start":{"line":6,"column":17},"end":{"line":6,"column":22}},"4":{"start":{"line":7,"column":4},"end":{"line":9,"column":5}},"5":{"start":{"line":8,"column":6},"end":{"line":8,"column":20}},"6":{"start":{"line":10,"column":4},"end":{"line":10,"column":33}},"7":{"start":{"line":14,"column":22},"end":{"line":33,"column":1}},"8":{"start":{"line":17,"column":2},"end":{"line":32,"column":5}},"9":{"start":{"line":22,"column":4},"end":{"line":22,"column":37}},"10":{"start":{"line":23,"column":4},"end":{"line":30,"column":7}},"11":{"start":{"line":24,"column":6},"end":{"line":24,"column":41}},"12":{"start":{"line":25,"column":21},"end":{"line":25,"column":23}},"13":{"start":{"line":27,"column":6},"end":{"line":27,"column":59}},"14":{"start":{"line":28,"column":6},"end":{"line":28,"column":51}},"15":{"start":{"line":29,"column":6},"end":{"line":29,"column":20}},"16":{"start":{"line":31,"column":4},"end":{"line":31,"column":51}},"17":{"start":{"line":35,"column":23},"end":{"line":72,"column":1}},"18":{"start":{"line":36,"column":14},"end":{"line":36,"column":15}},"19":{"start":{"line":37,"column":2},"end":{"line":71,"column":7}},"20":{"start":{"line":39,"column":6},"end":{"line":39,"column":48}},"21":{"start":{"line":40,"column":6},"end":{"line":40,"column":31}},"22":{"start":{"line":43,"column":6},"end":{"line":51,"column":7}},"23":{"start":{"line":44,"column":8},"end":{"line":50,"column":9}},"24":{"start":{"line":45,"column":10},"end":{"line":49,"column":11}},"25":{"start":{"line":46,"column":12},"end":{"line":48,"column":13}},"26":{"start":{"line":47,"column":14},"end":{"line":47,"column":25}},"27":{"start":{"line":52,"column":6},"end":{"line":69,"column":11}},"28":{"start":{"line":63,"column":10},"end":{"line":65,"column":11}},"29":{"start":{"line":64,"column":12},"end":{"line":64,"column":30}},"30":{"start":{"line":66,"column":10},"end":{"line":68,"column":13}},"31":{"start":{"line":74,"column":20},"end":{"line":79,"column":2}},"32":{"start":{"line":74,"column":26},"end":{"line":79,"column":2}},"33":{"start":{"line":81,"column":19},"end":{"line":99,"column":1}},"34":{"start":{"line":82,"column":17},"end":{"line":82,"column":19}},"35":{"start":{"line":83,"column":2},"end":{"line":98,"column":7}},"36":{"start":{"line":85,"column":6},"end":{"line":95,"column":9}},"37":{"start":{"line":86,"column":8},"end":{"line":94,"column":11}},"38":{"start":{"line":87,"column":10},"end":{"line":93,"column":11}},"39":{"start":{"line":88,"column":12},"end":{"line":92,"column":15}},"40":{"start":{"line":96,"column":6},"end":{"line":96,"column":47}},"41":{"start":{"line":96,"column":28},"end":{"line":96,"column":45}},"42":{"start":{"line":97,"column":6},"end":{"line":97,"column":20}},"43":{"start":{"line":101,"column":0},"end":{"line":117,"column":3}},"44":{"start":{"line":105,"column":4},"end":{"line":115,"column":9}},"45":{"start":{"line":107,"column":8},"end":{"line":112,"column":9}},"46":{"start":{"line":108,"column":10},"end":{"line":111,"column":76}},"47":{"start":{"line":109,"column":24},"end":{"line":111,"column":74}},"48":{"start":{"line":110,"column":33},"end":{"line":111,"column":73}},"49":{"start":{"line":111,"column":46},"end":{"line":111,"column":72}},"50":{"start":{"line":114,"column":8},"end":{"line":114,"column":44}}},"fnMap":{"0":{"name":"(anonymous_0)","decl":{"start":{"line":4,"column":27},"end":{"line":4,"column":28}},"loc":{"start":{"line":4,"column":52},"end":{"line":11,"column":4}},"line":4},"1":{"name":"(anonymous_1)","decl":{"start":{"line":5,"column":8},"end":{"line":5,"column":9}},"loc":{"start":{"line":5,"column":19},"end":{"line":11,"column":3}},"line":5},"2":{"name":"(anonymous_2)","decl":{"start":{"line":14,"column":22},"end":{"line":14,"column":23}},"loc":{"start":{"line":14,"column":34},"end":{"line":33,"column":1}},"line":14},"3":{"name":"(anonymous_3)","decl":{"start":{"line":21,"column":10},"end":{"line":21,"column":11}},"loc":{"start":{"line":21,"column":32},"end":{"line":32,"column":3}},"line":21},"4":{"name":"(anonymous_4)","decl":{"start":{"line":23,"column":39},"end":{"line":23,"column":40}},"loc":{"start":{"line":23,"column":55},"end":{"line":30,"column":5}},"line":23},"5":{"name":"(anonymous_5)","decl":{"start":{"line":35,"column":23},"end":{"line":35,"column":24}},"loc":{"start":{"line":35,"column":48},"end":{"line":72,"column":1}},"line":35},"6":{"name":"(anonymous_6)","decl":{"start":{"line":38,"column":10},"end":{"line":38,"column":11}},"loc":{"start":{"line":38,"column":30},"end":{"line":71,"column":5}},"line":38},"7":{"name":"(anonymous_7)","decl":{"start":{"line":62,"column":16},"end":{"line":62,"column":17}},"loc":{"start":{"line":62,"column":41},"end":{"line":69,"column":9}},"line":62},"8":{"name":"(anonymous_8)","decl":{"start":{"line":74,"column":20},"end":{"line":74,"column":21}},"loc":{"start":{"line":74,"column":26},"end":{"line":79,"column":2}},"line":74},"9":{"name":"(anonymous_9)","decl":{"start":{"line":81,"column":19},"end":{"line":81,"column":20}},"loc":{"start":{"line":81,"column":34},"end":{"line":99,"column":1}},"line":81},"10":{"name":"(anonymous_10)","decl":{"start":{"line":84,"column":10},"end":{"line":84,"column":11}},"loc":{"start":{"line":84,"column":24},"end":{"line":98,"column":5}},"line":84},"11":{"name":"(anonymous_11)","decl":{"start":{"line":85,"column":24},"end":{"line":85,"column":25}},"loc":{"start":{"line":85,"column":39},"end":{"line":95,"column":7}},"line":85},"12":{"name":"(anonymous_12)","decl":{"start":{"line":86,"column":25},"end":{"line":86,"column":26}},"loc":{"start":{"line":86,"column":39},"end":{"line":94,"column":9}},"line":86},"13":{"name":"(anonymous_13)","decl":{"start":{"line":96,"column":18},"end":{"line":96,"column":19}},"loc":{"start":{"line":96,"column":28},"end":{"line":96,"column":45}},"line":96},"14":{"name":"(anonymous_14)","decl":{"start":{"line":104,"column":11},"end":{"line":104,"column":12}},"loc":{"start":{"line":104,"column":26},"end":{"line":116,"column":3}},"line":104},"15":{"name":"(anonymous_15)","decl":{"start":{"line":106,"column":14},"end":{"line":106,"column":15}},"loc":{"start":{"line":106,"column":39},"end":{"line":115,"column":7}},"line":106},"16":{"name":"(anonymous_16)","decl":{"start":{"line":109,"column":18},"end":{"line":109,"column":19}},"loc":{"start":{"line":109,"column":24},"end":{"line":111,"column":74}},"line":109},"17":{"name":"(anonymous_17)","decl":{"start":{"line":110,"column":20},"end":{"line":110,"column":21}},"loc":{"start":{"line":110,"column":33},"end":{"line":111,"column":73}},"line":110},"18":{"name":"(anonymous_18)","decl":{"start":{"line":111,"column":22},"end":{"line":111,"column":23}},"loc":{"start":{"line":111,"column":46},"end":{"line":111,"column":72}},"line":111}},"branchMap":{"0":{"loc":{"start":{"line":7,"column":4},"end":{"line":9,"column":5}},"type":"if","locations":[{"start":{"line":7,"column":4},"end":{"line":9,"column":5}},{"start":{"line":7,"column":4},"end":{"line":9,"column":5}}],"line":7},"1":{"loc":{"start":{"line":45,"column":10},"end":{"line":49,"column":11}},"type":"if","locations":[{"start":{"line":45,"column":10},"end":{"line":49,"column":11}},{"start":{"line":45,"column":10},"end":{"line":49,"column":11}}],"line":45},"2":{"loc":{"start":{"line":46,"column":12},"end":{"line":48,"column":13}},"type":"if","locations":[{"start":{"line":46,"column":12},"end":{"line":48,"column":13}},{"start":{"line":46,"column":12},"end":{"line":48,"column":13}}],"line":46},"3":{"loc":{"start":{"line":63,"column":10},"end":{"line":65,"column":11}},"type":"if","locations":[{"start":{"line":63,"column":10},"end":{"line":65,"column":11}},{"start":{"line":63,"column":10},"end":{"line":65,"column":11}}],"line":63},"4":{"loc":{"start":{"line":87,"column":10},"end":{"line":93,"column":11}},"type":"if","locations":[{"start":{"line":87,"column":10},"end":{"line":93,"column":11}},{"start":{"line":87,"column":10},"end":{"line":93,"column":11}}],"line":87},"5":{"loc":{"start":{"line":107,"column":8},"end":{"line":112,"column":9}},"type":"if","locations":[{"start":{"line":107,"column":8},"end":{"line":112,"column":9}},{"start":{"line":107,"column":8},"end":{"line":112,"column":9}}],"line":107}},"s":{"0":3,"1":3,"2":3,"3":3,"4":3,"5":3,"6":3,"7":3,"8":3,"9":3,"10":3,"11":15,"12":15,"13":15,"14":15,"15":15,"16":3,"17":3,"18":3,"19":3,"20":3,"21":3,"22":3,"23":15,"24":75,"25":15,"26":12,"27":3,"28":3,"29":2,"30":1,"31":3,"32":3,"33":3,"34":3,"35":3,"36":3,"37":4,"38":8,"39":4,"40":3,"41":1,"42":3,"43":3,"44":3,"45":3,"46":3,"47":3,"48":3,"49":3,"50":0},"f":{"0":3,"1":3,"2":3,"3":3,"4":15,"5":3,"6":3,"7":3,"8":3,"9":3,"10":3,"11":4,"12":8,"13":1,"14":3,"15":3,"16":3,"17":3,"18":3},"b":{"0":[3,0],"1":[15,60],"2":[12,3],"3":[2,1],"4":[4,4],"5":[3,0]},"_coverageSchema":"332fd63041d2c1bcb487cc26dd0d5f7d97098a6c","hash":"432a9315e013bdf2c27b1049e13e1690902ac69f"}
,"/Users/kshiprasshetty/quiz/backend/src/routes/index.js": {"path":"/Users/kshiprasshetty/quiz/backend/src/routes/index.js","statementMap":{"0":{"start":{"line":1,"column":14},"end":{"line":1,"column":32}},"1":{"start":{"line":2,"column":27},"end":{"line":2,"column":58}},"2":{"start":{"line":3,"column":23},"end":{"line":3,"column":45}},"3":{"start":{"line":5,"column":0},"end":{"line":5,"column":70}}},"fnMap":{},"branchMap":{},"s":{"0":3,"1":3,"2":3,"3":3},"f":{},"b":{},"_coverageSchema":"332fd63041d2c1bcb487cc26dd0d5f7d97098a6c","hash":"ed6ac4409bb3d7cc7618b16613e41bbe303e544c"}
,"/Users/kshiprasshetty/quiz/backend/src/routes/login.js": {"path":"/Users/kshiprasshetty/quiz/backend/src/routes/login.js","statementMap":{"0":{"start":{"line":2,"column":15},"end":{"line":2,"column":38}},"1":{"start":{"line":3,"column":12},"end":{"line":3,"column":26}},"2":{"start":{"line":5,"column":33},"end":{"line":5,"column":78}},"3":{"start":{"line":6,"column":24},"end":{"line":6,"column":60}},"4":{"start":{"line":7,"column":28},"end":{"line":7,"column":68}},"5":{"start":{"line":8,"column":30},"end":{"line":8,"column":72}},"6":{"start":{"line":10,"column":20},"end":{"line":18,"column":4}},"7":{"start":{"line":11,"column":2},"end":{"line":18,"column":4}},"8":{"start":{"line":30,"column":23},"end":{"line":35,"column":4}},"9":{"start":{"line":30,"column":29},"end":{"line":35,"column":4}},"10":{"start":{"line":32,"column":4},"end":{"line":34,"column":5}},"11":{"start":{"line":33,"column":6},"end":{"line":33,"column":40}},"12":{"start":{"line":34,"column":6},"end":{"line":34,"column":37}},"13":{"start":{"line":85,"column":22},"end":{"line":92,"column":6}},"14":{"start":{"line":86,"column":2},"end":{"line":92,"column":6}},"15":{"start":{"line":88,"column":6},"end":{"line":90,"column":7}},"16":{"start":{"line":89,"column":8},"end":{"line":89,"column":33}},"17":{"start":{"line":91,"column":6},"end":{"line":91,"column":35}},"18":{"start":{"line":95,"column":24},"end":{"line":102,"column":2}},"19":{"start":{"line":95,"column":36},"end":{"line":102,"column":2}},"20":{"start":{"line":104,"column":0},"end":{"line":141,"column":2}},"21":{"start":{"line":115,"column":10},"end":{"line":115,"column":37}},"22":{"start":{"line":119,"column":8},"end":{"line":137,"column":14}},"23":{"start":{"line":120,"column":30},"end":{"line":134,"column":22}},"24":{"start":{"line":121,"column":36},"end":{"line":134,"column":21}},"25":{"start":{"line":123,"column":16},"end":{"line":134,"column":20}},"26":{"start":{"line":125,"column":37},"end":{"line":125,"column":40}},"27":{"start":{"line":126,"column":20},"end":{"line":128,"column":21}},"28":{"start":{"line":127,"column":22},"end":{"line":127,"column":39}},"29":{"start":{"line":129,"column":20},"end":{"line":133,"column":23}},"30":{"start":{"line":135,"column":23},"end":{"line":137,"column":12}}},"fnMap":{"0":{"name":"(anonymous_0)","decl":{"start":{"line":10,"column":20},"end":{"line":10,"column":21}},"loc":{"start":{"line":11,"column":2},"end":{"line":18,"column":4}},"line":11},"1":{"name":"(anonymous_1)","decl":{"start":{"line":30,"column":23},"end":{"line":30,"column":24}},"loc":{"start":{"line":30,"column":29},"end":{"line":35,"column":4}},"line":30},"2":{"name":"(anonymous_2)","decl":{"start":{"line":31,"column":8},"end":{"line":31,"column":9}},"loc":{"start":{"line":31,"column":26},"end":{"line":35,"column":3}},"line":31},"3":{"name":"(anonymous_3)","decl":{"start":{"line":85,"column":22},"end":{"line":85,"column":23}},"loc":{"start":{"line":86,"column":2},"end":{"line":92,"column":6}},"line":86},"4":{"name":"(anonymous_4)","decl":{"start":{"line":87,"column":10},"end":{"line":87,"column":11}},"loc":{"start":{"line":87,"column":26},"end":{"line":92,"column":5}},"line":87},"5":{"name":"(anonymous_5)","decl":{"start":{"line":95,"column":24},"end":{"line":95,"column":25}},"loc":{"start":{"line":95,"column":36},"end":{"line":102,"column":2}},"line":95},"6":{"name":"(anonymous_6)","decl":{"start":{"line":118,"column":15},"end":{"line":118,"column":16}},"loc":{"start":{"line":118,"column":30},"end":{"line":138,"column":7}},"line":118},"7":{"name":"(anonymous_7)","decl":{"start":{"line":120,"column":16},"end":{"line":120,"column":17}},"loc":{"start":{"line":120,"column":30},"end":{"line":134,"column":22}},"line":120},"8":{"name":"(anonymous_8)","decl":{"start":{"line":121,"column":18},"end":{"line":121,"column":19}},"loc":{"start":{"line":121,"column":36},"end":{"line":134,"column":21}},"line":121},"9":{"name":"(anonymous_9)","decl":{"start":{"line":122,"column":20},"end":{"line":122,"column":21}},"loc":{"start":{"line":123,"column":16},"end":{"line":134,"column":20}},"line":123},"10":{"name":"(anonymous_10)","decl":{"start":{"line":124,"column":24},"end":{"line":124,"column":25}},"loc":{"start":{"line":124,"column":41},"end":{"line":134,"column":19}},"line":124},"11":{"name":"(anonymous_11)","decl":{"start":{"line":135,"column":17},"end":{"line":135,"column":18}},"loc":{"start":{"line":135,"column":23},"end":{"line":137,"column":12}},"line":135}},"branchMap":{"0":{"loc":{"start":{"line":32,"column":4},"end":{"line":34,"column":5}},"type":"if","locations":[{"start":{"line":32,"column":4},"end":{"line":34,"column":5}},{"start":{"line":32,"column":4},"end":{"line":34,"column":5}}],"line":32},"1":{"loc":{"start":{"line":88,"column":6},"end":{"line":90,"column":7}},"type":"if","locations":[{"start":{"line":88,"column":6},"end":{"line":90,"column":7}},{"start":{"line":88,"column":6},"end":{"line":90,"column":7}}],"line":88},"2":{"loc":{"start":{"line":126,"column":20},"end":{"line":128,"column":21}},"type":"if","locations":[{"start":{"line":126,"column":20},"end":{"line":128,"column":21}},{"start":{"line":126,"column":20},"end":{"line":128,"column":21}}],"line":126}},"s":{"0":3,"1":3,"2":3,"3":3,"4":3,"5":3,"6":3,"7":2,"8":3,"9":2,"10":2,"11":0,"12":2,"13":3,"14":2,"15":2,"16":0,"17":2,"18":3,"19":2,"20":3,"21":2,"22":2,"23":2,"24":2,"25":2,"26":2,"27":2,"28":1,"29":2,"30":0},"f":{"0":2,"1":2,"2":2,"3":2,"4":2,"5":2,"6":2,"7":2,"8":2,"9":2,"10":2,"11":0},"b":{"0":[0,2],"1":[0,2],"2":[1,1]},"_coverageSchema":"332fd63041d2c1bcb487cc26dd0d5f7d97098a6c","hash":"3d8e72f53de067cedbec4e7200537b7236fc5d40"}
,"/Users/kshiprasshetty/quiz/backend/src/routes/populateUserAnswer.js": {"path":"/Users/kshiprasshetty/quiz/backend/src/routes/populateUserAnswer.js","statementMap":{"0":{"start":{"line":1,"column":15},"end":{"line":1,"column":38}},"1":{"start":{"line":3,"column":27},"end":{"line":13,"column":2}},"2":{"start":{"line":3,"column":59},"end":{"line":13,"column":2}},"3":{"start":{"line":16,"column":21},"end":{"line":27,"column":6}},"4":{"start":{"line":17,"column":2},"end":{"line":27,"column":6}},"5":{"start":{"line":24,"column":6},"end":{"line":26,"column":9}},"6":{"start":{"line":29,"column":0},"end":{"line":42,"column":3}},"7":{"start":{"line":33,"column":4},"end":{"line":41,"column":8}},"8":{"start":{"line":35,"column":8},"end":{"line":40,"column":9}},"9":{"start":{"line":36,"column":10},"end":{"line":36,"column":37}},"10":{"start":{"line":38,"column":10},"end":{"line":39,"column":57}},"11":{"start":{"line":39,"column":24},"end":{"line":39,"column":55}}},"fnMap":{"0":{"name":"(anonymous_0)","decl":{"start":{"line":3,"column":27},"end":{"line":3,"column":28}},"loc":{"start":{"line":3,"column":59},"end":{"line":13,"column":2}},"line":3},"1":{"name":"(anonymous_1)","decl":{"start":{"line":16,"column":21},"end":{"line":16,"column":22}},"loc":{"start":{"line":17,"column":2},"end":{"line":27,"column":6}},"line":17},"2":{"name":"(anonymous_2)","decl":{"start":{"line":23,"column":10},"end":{"line":23,"column":11}},"loc":{"start":{"line":23,"column":20},"end":{"line":27,"column":5}},"line":23},"3":{"name":"(anonymous_3)","decl":{"start":{"line":32,"column":11},"end":{"line":32,"column":12}},"loc":{"start":{"line":33,"column":4},"end":{"line":41,"column":8}},"line":33},"4":{"name":"(anonymous_4)","decl":{"start":{"line":34,"column":14},"end":{"line":34,"column":15}},"loc":{"start":{"line":34,"column":39},"end":{"line":41,"column":7}},"line":34},"5":{"name":"(anonymous_5)","decl":{"start":{"line":39,"column":18},"end":{"line":39,"column":19}},"loc":{"start":{"line":39,"column":24},"end":{"line":39,"column":55}},"line":39}},"branchMap":{"0":{"loc":{"start":{"line":35,"column":8},"end":{"line":40,"column":9}},"type":"if","locations":[{"start":{"line":35,"column":8},"end":{"line":40,"column":9}},{"start":{"line":35,"column":8},"end":{"line":40,"column":9}}],"line":35}},"s":{"0":3,"1":3,"2":1,"3":3,"4":0,"5":0,"6":3,"7":1,"8":1,"9":1,"10":0,"11":0},"f":{"0":1,"1":0,"2":0,"3":1,"4":1,"5":0},"b":{"0":[1,0]},"_coverageSchema":"332fd63041d2c1bcb487cc26dd0d5f7d97098a6c","hash":"fd560faa940a56cbb4d3a75797c6b8bb580466aa"}
}
