TN:
SF:/Users/kshiprasshetty/quiz/backend/models/answer.js
FN:2,(anonymous_0)
FN:7,(anonymous_1)
FN:10,(anonymous_2)
FN:11,(anonymous_3)
FNF:4
FNH:4
FNDA:10,(anonymous_0)
FNDA:10,(anonymous_1)
FNDA:5,(anonymous_2)
FNDA:1,(anonymous_3)
DA:2,10
DA:3,10
DA:7,10
DA:10,10
DA:11,10
DA:15,10
LF:6
LH:6
BRF:0
BRH:0
end_of_record
TN:
SF:/Users/kshiprasshetty/quiz/backend/models/index.js
FN:19,(anonymous_0)
FN:22,(anonymous_1)
FN:27,(anonymous_2)
FNF:3
FNH:3
FNDA:60,(anonymous_0)
FNDA:50,(anonymous_1)
FNDA:50,(anonymous_2)
DA:3,10
DA:4,10
DA:5,10
DA:6,10
DA:7,10
DA:8,10
DA:9,10
DA:11,10
DA:12,0
DA:14,10
DA:17,10
DA:20,60
DA:23,50
DA:24,50
DA:27,10
DA:28,50
DA:29,50
DA:33,10
DA:34,10
DA:36,10
LF:20
LH:19
BRDA:7,0,0,10
BRDA:7,0,1,0
BRDA:11,1,0,0
BRDA:11,1,1,10
BRDA:20,2,0,60
BRDA:20,2,1,60
BRDA:20,2,2,50
BRDA:28,3,0,50
BRDA:28,3,1,0
BRF:9
BRH:6
end_of_record
TN:
SF:/Users/kshiprasshetty/quiz/backend/models/question.js
FN:2,(anonymous_0)
FN:8,(anonymous_1)
FN:11,(anonymous_2)
FN:12,(anonymous_3)
FNF:4
FNH:4
FNDA:10,(anonymous_0)
FNDA:10,(anonymous_1)
FNDA:5,(anonymous_2)
FNDA:1,(anonymous_3)
DA:2,10
DA:3,10
DA:8,10
DA:11,10
DA:12,10
DA:14,10
LF:6
LH:6
BRF:0
BRH:0
end_of_record
TN:
SF:/Users/kshiprasshetty/quiz/backend/models/score.js
FN:2,(anonymous_0)
FN:7,(anonymous_1)
FN:11,(anonymous_2)
FNF:3
FNH:3
FNDA:10,(anonymous_0)
FNDA:10,(anonymous_1)
FNDA:4,(anonymous_2)
DA:2,10
DA:3,10
DA:7,10
DA:11,10
DA:21,10
LF:5
LH:5
BRF:0
BRH:0
end_of_record
TN:
SF:/Users/kshiprasshetty/quiz/backend/models/user.js
FN:2,(anonymous_0)
FN:6,(anonymous_1)
FN:10,(anonymous_2)
FNF:3
FNH:3
FNDA:10,(anonymous_0)
FNDA:10,(anonymous_1)
FNDA:3,(anonymous_2)
DA:2,10
DA:3,10
DA:6,10
DA:7,10
DA:8,10
DA:10,10
DA:16,10
LF:7
LH:7
BRF:0
BRH:0
end_of_record
TN:
SF:/Users/kshiprasshetty/quiz/backend/models/useranswer.js
FN:2,(anonymous_0)
FN:8,(anonymous_1)
FN:13,(anonymous_2)
FN:25,(anonymous_3)
FN:32,(anonymous_4)
FNF:5
FNH:5
FNDA:10,(anonymous_0)
FNDA:10,(anonymous_1)
FNDA:2,(anonymous_2)
FNDA:1,(anonymous_3)
FNDA:4,(anonymous_4)
DA:2,10
DA:3,10
DA:8,10
DA:13,10
DA:25,10
DA:32,10
DA:38,10
LF:7
LH:7
BRF:0
BRH:0
end_of_record
TN:
SF:/Users/kshiprasshetty/quiz/backend/src/server.js
FN:14,(anonymous_0)
FNF:1
FNH:0
FNDA:0,(anonymous_0)
DA:1,3
DA:2,3
DA:4,3
DA:6,3
DA:11,3
DA:13,3
DA:14,0
DA:15,0
DA:16,0
DA:18,0
DA:22,3
LF:11
LH:7
BRDA:13,0,0,0
BRDA:13,0,1,3
BRDA:15,1,0,0
BRDA:15,1,1,0
BRF:4
BRH:1
end_of_record
TN:
SF:/Users/kshiprasshetty/quiz/backend/src/helper/populateAnswers.js
FN:4,(anonymous_0)
FN:8,(anonymous_1)
FN:8,(anonymous_2)
FN:10,(anonymous_3)
FNF:4
FNH:3
FNDA:1,(anonymous_0)
FNDA:1,(anonymous_1)
FNDA:1,(anonymous_2)
FNDA:0,(anonymous_3)
DA:1,4
DA:2,4
DA:4,4
DA:6,1
DA:7,1
DA:8,1
DA:9,1
DA:11,0
DA:12,0
DA:17,0
DA:19,1
DA:23,4
LF:12
LH:9
BRF:0
BRH:0
end_of_record
TN:
SF:/Users/kshiprasshetty/quiz/backend/src/helper/populateQuestionDatabase.js
FN:4,(anonymous_0)
FN:9,(anonymous_1)
FN:11,(anonymous_2)
FNF:3
FNH:0
FNDA:0,(anonymous_0)
FNDA:0,(anonymous_1)
FNDA:0,(anonymous_2)
DA:1,3
DA:2,3
DA:4,3
DA:5,0
DA:6,0
DA:8,0
DA:10,0
DA:11,0
DA:12,0
DA:13,0
DA:14,0
DA:15,0
DA:16,0
DA:19,0
DA:20,0
DA:21,0
DA:23,0
DA:25,0
DA:28,3
LF:19
LH:4
BRDA:15,0,0,0
BRDA:15,0,1,0
BRF:2
BRH:0
end_of_record
TN:
SF:/Users/kshiprasshetty/quiz/backend/src/routes/calculate.js
FN:4,(anonymous_0)
FN:5,(anonymous_1)
FN:14,(anonymous_2)
FN:18,(anonymous_3)
FN:20,(anonymous_4)
FN:32,(anonymous_5)
FN:35,(anonymous_6)
FN:50,(anonymous_7)
FN:62,(anonymous_8)
FN:69,(anonymous_9)
FN:72,(anonymous_10)
FN:73,(anonymous_11)
FN:74,(anonymous_12)
FN:84,(anonymous_13)
FN:92,(anonymous_14)
FN:94,(anonymous_15)
FN:97,(anonymous_16)
FN:98,(anonymous_17)
FN:99,(anonymous_18)
FNF:19
FNH:19
FNDA:3,(anonymous_0)
FNDA:3,(anonymous_1)
FNDA:3,(anonymous_2)
FNDA:3,(anonymous_3)
FNDA:15,(anonymous_4)
FNDA:3,(anonymous_5)
FNDA:3,(anonymous_6)
FNDA:3,(anonymous_7)
FNDA:3,(anonymous_8)
FNDA:3,(anonymous_9)
FNDA:3,(anonymous_10)
FNDA:4,(anonymous_11)
FNDA:8,(anonymous_12)
FNDA:1,(anonymous_13)
FNDA:3,(anonymous_14)
FNDA:3,(anonymous_15)
FNDA:3,(anonymous_16)
FNDA:3,(anonymous_17)
FNDA:3,(anonymous_18)
DA:1,3
DA:4,3
DA:6,3
DA:7,3
DA:8,3
DA:10,3
DA:14,3
DA:17,3
DA:19,3
DA:20,3
DA:21,15
DA:22,15
DA:24,15
DA:25,15
DA:26,15
DA:28,3
DA:32,3
DA:33,3
DA:34,3
DA:36,3
DA:37,3
DA:40,3
DA:41,15
DA:42,75
DA:43,15
DA:44,12
DA:49,3
DA:51,3
DA:52,2
DA:54,1
DA:62,3
DA:69,3
DA:70,3
DA:71,3
DA:73,3
DA:74,4
DA:75,8
DA:76,4
DA:84,3
DA:85,3
DA:89,3
DA:93,3
DA:95,3
DA:96,3
DA:97,3
DA:98,3
DA:99,3
DA:102,0
LF:48
LH:47
BRDA:7,0,0,3
BRDA:7,0,1,0
BRDA:42,1,0,15
BRDA:42,1,1,60
BRDA:43,2,0,12
BRDA:43,2,1,3
BRDA:51,3,0,2
BRDA:51,3,1,1
BRDA:75,4,0,4
BRDA:75,4,1,4
BRDA:95,5,0,3
BRDA:95,5,1,0
BRF:12
BRH:10
end_of_record
TN:
SF:/Users/kshiprasshetty/quiz/backend/src/routes/index.js
FNF:0
FNH:0
DA:1,3
DA:2,3
DA:3,3
DA:5,3
LF:4
LH:4
BRF:0
BRH:0
end_of_record
TN:
SF:/Users/kshiprasshetty/quiz/backend/src/routes/login.js
FN:10,(anonymous_0)
FN:14,(anonymous_1)
FN:15,(anonymous_2)
FN:21,(anonymous_3)
FN:23,(anonymous_4)
FN:31,(anonymous_5)
FN:54,(anonymous_6)
FN:56,(anonymous_7)
FN:57,(anonymous_8)
FN:58,(anonymous_9)
FN:60,(anonymous_10)
FN:71,(anonymous_11)
FNF:12
FNH:11
FNDA:2,(anonymous_0)
FNDA:2,(anonymous_1)
FNDA:2,(anonymous_2)
FNDA:2,(anonymous_3)
FNDA:2,(anonymous_4)
FNDA:2,(anonymous_5)
FNDA:2,(anonymous_6)
FNDA:2,(anonymous_7)
FNDA:2,(anonymous_8)
FNDA:2,(anonymous_9)
FNDA:2,(anonymous_10)
FNDA:0,(anonymous_11)
DA:2,3
DA:3,3
DA:5,3
DA:6,3
DA:10,3
DA:11,2
DA:14,3
DA:16,2
DA:17,0
DA:18,2
DA:21,3
DA:22,2
DA:24,2
DA:25,0
DA:27,2
DA:31,3
DA:40,3
DA:51,2
DA:55,2
DA:56,2
DA:57,2
DA:59,2
DA:61,2
DA:62,2
DA:63,1
DA:65,2
DA:71,0
LF:27
LH:24
BRDA:16,0,0,0
BRDA:16,0,1,2
BRDA:24,1,0,0
BRDA:24,1,1,2
BRDA:62,2,0,1
BRDA:62,2,1,1
BRF:6
BRH:4
end_of_record
TN:
SF:/Users/kshiprasshetty/quiz/backend/src/routes/populateUserAnswer.js
FN:3,(anonymous_0)
FN:17,(anonymous_1)
FN:25,(anonymous_2)
FN:34,(anonymous_3)
FN:36,(anonymous_4)
FN:41,(anonymous_5)
FNF:6
FNH:3
FNDA:1,(anonymous_0)
FNDA:0,(anonymous_1)
FNDA:0,(anonymous_2)
FNDA:1,(anonymous_3)
FNDA:1,(anonymous_4)
FNDA:0,(anonymous_5)
DA:1,3
DA:3,3
DA:4,1
DA:17,3
DA:18,0
DA:26,0
DA:31,3
DA:35,1
DA:37,1
DA:38,1
DA:40,0
DA:41,0
LF:12
LH:8
BRDA:37,0,0,1
BRDA:37,0,1,0
BRF:2
BRH:1
end_of_record
